<?xml version="1.0" encoding="UTF-8"?>
<testng-results ignored="0" total="6" passed="5" failed="1" skipped="0">
  <reporter-output>
  </reporter-output>
  <suite started-at="2025-07-02T15:59:38 CST" name="Command line suite" finished-at="2025-07-02T15:59:41 CST" duration-ms="2204">
    <groups>
    </groups>
    <test started-at="2025-07-02T15:59:38 CST" name="Command line test" finished-at="2025-07-02T15:59:41 CST" duration-ms="2204">
      <class name="com.bgpay.bgai.controller.AuthControllerTest">
        <test-method is-config="true" signature="disableSpringContext()[pri:0, instance:com.bgpay.bgai.controller.AuthControllerTest@232a7d73]" started-at="2025-07-02T15:59:38 CST" name="disableSpringContext" finished-at="2025-07-02T15:59:38 CST" duration-ms="11" status="PASS">
          <reporter-output>
          </reporter-output>
        </test-method> <!-- disableSpringContext -->
        <test-method is-config="true" signature="setUp()[pri:0, instance:com.bgpay.bgai.controller.AuthControllerTest@232a7d73]" started-at="2025-07-02T15:59:38 CST" name="setUp" finished-at="2025-07-02T15:59:40 CST" depends-on-methods="com.bgpay.bgai.base.NoSpringContextTest.disableSpringContext" duration-ms="1959" status="PASS">
          <reporter-output>
          </reporter-output>
        </test-method> <!-- setUp -->
        <test-method is-config="true" signature="beforeTestMethod()[pri:0, instance:com.bgpay.bgai.controller.AuthControllerTest@232a7d73]" started-at="2025-07-02T15:59:40 CST" name="beforeTestMethod" finished-at="2025-07-02T15:59:40 CST" duration-ms="0" status="PASS">
          <reporter-output>
          </reporter-output>
        </test-method> <!-- beforeTestMethod -->
        <test-method signature="simpleSanityTest()[pri:0, instance:com.bgpay.bgai.controller.AuthControllerTest@232a7d73]" started-at="2025-07-02T15:59:40 CST" name="simpleSanityTest" finished-at="2025-07-02T15:59:40 CST" duration-ms="2" status="PASS">
          <reporter-output>
          </reporter-output>
        </test-method> <!-- simpleSanityTest -->
        <test-method is-config="true" signature="beforeTestMethod()[pri:0, instance:com.bgpay.bgai.controller.AuthControllerTest@232a7d73]" started-at="2025-07-02T15:59:40 CST" name="beforeTestMethod" finished-at="2025-07-02T15:59:40 CST" duration-ms="1" status="PASS">
          <reporter-output>
          </reporter-output>
        </test-method> <!-- beforeTestMethod -->
        <test-method signature="testRefreshTokenByUserId_InvalidUserId()[pri:0, instance:com.bgpay.bgai.controller.AuthControllerTest@232a7d73]" started-at="2025-07-02T15:59:40 CST" name="testRefreshTokenByUserId_InvalidUserId" finished-at="2025-07-02T15:59:40 CST" duration-ms="137" status="PASS">
          <reporter-output>
          </reporter-output>
        </test-method> <!-- testRefreshTokenByUserId_InvalidUserId -->
        <test-method is-config="true" signature="beforeTestMethod()[pri:0, instance:com.bgpay.bgai.controller.AuthControllerTest@232a7d73]" started-at="2025-07-02T15:59:40 CST" name="beforeTestMethod" finished-at="2025-07-02T15:59:40 CST" duration-ms="0" status="PASS">
          <reporter-output>
          </reporter-output>
        </test-method> <!-- beforeTestMethod -->
        <test-method signature="testRefreshTokenByUserId_MissingToken()[pri:0, instance:com.bgpay.bgai.controller.AuthControllerTest@232a7d73]" started-at="2025-07-02T15:59:40 CST" name="testRefreshTokenByUserId_MissingToken" finished-at="2025-07-02T15:59:40 CST" duration-ms="43" status="PASS">
          <reporter-output>
          </reporter-output>
        </test-method> <!-- testRefreshTokenByUserId_MissingToken -->
        <test-method is-config="true" signature="beforeTestMethod()[pri:0, instance:com.bgpay.bgai.controller.AuthControllerTest@232a7d73]" started-at="2025-07-02T15:59:40 CST" name="beforeTestMethod" finished-at="2025-07-02T15:59:40 CST" duration-ms="1" status="PASS">
          <reporter-output>
          </reporter-output>
        </test-method> <!-- beforeTestMethod -->
        <test-method signature="testRefreshTokenByUserId_MissingUserId()[pri:0, instance:com.bgpay.bgai.controller.AuthControllerTest@232a7d73]" started-at="2025-07-02T15:59:40 CST" name="testRefreshTokenByUserId_MissingUserId" finished-at="2025-07-02T15:59:40 CST" duration-ms="5" status="PASS">
          <reporter-output>
          </reporter-output>
        </test-method> <!-- testRefreshTokenByUserId_MissingUserId -->
        <test-method is-config="true" signature="beforeTestMethod()[pri:0, instance:com.bgpay.bgai.controller.AuthControllerTest@232a7d73]" started-at="2025-07-02T15:59:40 CST" name="beforeTestMethod" finished-at="2025-07-02T15:59:40 CST" duration-ms="1" status="PASS">
          <reporter-output>
          </reporter-output>
        </test-method> <!-- beforeTestMethod -->
        <test-method signature="testRefreshTokenByUserId_ServiceException()[pri:0, instance:com.bgpay.bgai.controller.AuthControllerTest@232a7d73]" started-at="2025-07-02T15:59:40 CST" name="testRefreshTokenByUserId_ServiceException" finished-at="2025-07-02T15:59:40 CST" duration-ms="7" status="PASS">
          <reporter-output>
          </reporter-output>
        </test-method> <!-- testRefreshTokenByUserId_ServiceException -->
        <test-method is-config="true" signature="beforeTestMethod()[pri:0, instance:com.bgpay.bgai.controller.AuthControllerTest@232a7d73]" started-at="2025-07-02T15:59:40 CST" name="beforeTestMethod" finished-at="2025-07-02T15:59:40 CST" duration-ms="0" status="PASS">
          <reporter-output>
          </reporter-output>
        </test-method> <!-- beforeTestMethod -->
        <test-method signature="testRefreshTokenByUserId_Success()[pri:0, instance:com.bgpay.bgai.controller.AuthControllerTest@232a7d73]" started-at="2025-07-02T15:59:40 CST" name="testRefreshTokenByUserId_Success" finished-at="2025-07-02T15:59:41 CST" duration-ms="6" status="FAIL">
          <exception class="java.lang.AssertionError">
            <message>
              <![CDATA[Status expected:<200> but was:<500>]]>
            </message>
            <full-stacktrace>
              <![CDATA[java.lang.AssertionError: Status expected:<200> but was:<500>
at org.springframework.test.util.AssertionErrors.fail(AssertionErrors.java:59)
at org.springframework.test.util.AssertionErrors.assertEquals(AssertionErrors.java:122)
at org.springframework.test.web.servlet.result.StatusResultMatchers.lambda$matcher$9(StatusResultMatchers.java:637)
at org.springframework.test.web.servlet.MockMvc$1.andExpect(MockMvc.java:214)
at com.bgpay.bgai.controller.AuthControllerTest.testRefreshTokenByUserId_Success(AuthControllerTest.java:126)
at java.base/jdk.internal.reflect.DirectMethodHandleAccessor.invoke(DirectMethodHandleAccessor.java:103)
at java.base/java.lang.reflect.Method.invoke(Method.java:580)
at org.testng.internal.MethodInvocationHelper.invokeMethod(MethodInvocationHelper.java:134)
at org.testng.internal.TestInvoker.invokeMethod(TestInvoker.java:597)
at org.testng.internal.TestInvoker.invokeTestMethod(TestInvoker.java:173)
at org.testng.internal.MethodRunner.runInSequence(MethodRunner.java:46)
at org.testng.internal.TestInvoker$MethodInvocationAgent.invoke(TestInvoker.java:816)
at org.testng.internal.TestInvoker.invokeTestMethods(TestInvoker.java:146)
at org.testng.internal.TestMethodWorker.invokeTestMethods(TestMethodWorker.java:146)
at org.testng.internal.TestMethodWorker.run(TestMethodWorker.java:128)
at java.base/java.util.ArrayList.forEach(ArrayList.java:1596)
at org.testng.TestRunner.privateRun(TestRunner.java:766)
at org.testng.TestRunner.run(TestRunner.java:587)
at org.testng.SuiteRunner.runTest(SuiteRunner.java:384)
at org.testng.SuiteRunner.runSequentially(SuiteRunner.java:378)
at org.testng.SuiteRunner.privateRun(SuiteRunner.java:337)
at org.testng.SuiteRunner.run(SuiteRunner.java:286)
at org.testng.SuiteRunnerWorker.runSuite(SuiteRunnerWorker.java:53)
at org.testng.SuiteRunnerWorker.run(SuiteRunnerWorker.java:96)
at org.testng.TestNG.runSuitesSequentially(TestNG.java:1187)
at org.testng.TestNG.runSuitesLocally(TestNG.java:1109)
at org.testng.TestNG.runSuites(TestNG.java:1039)
at org.testng.TestNG.run(TestNG.java:1007)
at com.bgpay.bgai.TestRunner.main(TestRunner.java:32)
]]>
            </full-stacktrace>
          </exception> <!-- java.lang.AssertionError -->
          <reporter-output>
          </reporter-output>
        </test-method> <!-- testRefreshTokenByUserId_Success -->
      </class> <!-- com.bgpay.bgai.controller.AuthControllerTest -->
    </test> <!-- Command line test -->
  </suite> <!-- Command line suite -->
</testng-results>
