<?xml version="1.0" encoding="UTF-8"?>
<!-- Generated by org.testng.reporters.JUnitReportReporter -->
<testsuite hostname="Ly0217" failures="0" tests="3" name="com.bgpay.bgai.controller.SimpleAuthControllerTest" time="2.092" errors="0" timestamp="2025-07-02T15:59:07 CST" skipped="0">
  <testcase classname="com.bgpay.bgai.controller.SimpleAuthControllerTest" name="testRefreshTokenByUserId_Exception" time="1.977"/>
  <system-out/>
  <testcase classname="com.bgpay.bgai.controller.SimpleAuthControllerTest" name="testRefreshTokenByUserId_Success" time="0.061"/>
  <system-out/>
  <testcase classname="com.bgpay.bgai.controller.SimpleAuthControllerTest" name="testRefreshTokenByUserId_MissingUserId" time="0.054"/>
  <system-out/>
</testsuite> <!-- com.bgpay.bgai.controller.SimpleAuthControllerTest -->
