<?xml version="1.0" encoding="UTF-8"?>
<!-- Generated by org.testng.reporters.JUnitReportReporter -->
<testsuite hostname="Ly0217" failures="1" tests="6" name="com.bgpay.bgai.controller.AuthControllerTest" time="0.203" errors="0" timestamp="2025-07-02T15:59:41 CST" skipped="0">
  <testcase classname="com.bgpay.bgai.controller.AuthControllerTest" name="testRefreshTokenByUserId_MissingToken" time="0.044"/>
  <system-out/>
  <testcase classname="com.bgpay.bgai.controller.AuthControllerTest" name="simpleSanityTest" time="0.003"/>
  <system-out/>
  <testcase classname="com.bgpay.bgai.controller.AuthControllerTest" name="testRefreshTokenByUserId_InvalidUserId" time="0.137"/>
  <system-out/>
  <testcase classname="com.bgpay.bgai.controller.AuthControllerTest" name="testRefreshTokenByUserId_ServiceException" time="0.007"/>
  <system-out/>
  <testcase classname="com.bgpay.bgai.controller.AuthControllerTest" name="testRefreshTokenByUserId_MissingUserId" time="0.005"/>
  <system-out/>
  <testcase classname="com.bgpay.bgai.controller.AuthControllerTest" name="testRefreshTokenByUserId_Success" time="0.007">
    <failure message="Status expected:&lt;200&gt; but was:&lt;500&gt;" type="java.lang.AssertionError">
      <![CDATA[java.lang.AssertionError: Status expected:<200> but was:<500>
at org.springframework.test.util.AssertionErrors.fail(AssertionErrors.java:59)
at org.springframework.test.util.AssertionErrors.assertEquals(AssertionErrors.java:122)
at org.springframework.test.web.servlet.result.StatusResultMatchers.lambda$matcher$9(StatusResultMatchers.java:637)
at org.springframework.test.web.servlet.MockMvc$1.andExpect(MockMvc.java:214)
at com.bgpay.bgai.controller.AuthControllerTest.testRefreshTokenByUserId_Success(AuthControllerTest.java:126)
at java.base/jdk.internal.reflect.DirectMethodHandleAccessor.invoke(DirectMethodHandleAccessor.java:103)
at java.base/java.lang.reflect.Method.invoke(Method.java:580)
at org.testng.internal.MethodInvocationHelper.invokeMethod(MethodInvocationHelper.java:134)
at org.testng.internal.TestInvoker.invokeMethod(TestInvoker.java:597)
at org.testng.internal.TestInvoker.invokeTestMethod(TestInvoker.java:173)
at org.testng.internal.MethodRunner.runInSequence(MethodRunner.java:46)
at org.testng.internal.TestInvoker$MethodInvocationAgent.invoke(TestInvoker.java:816)
at org.testng.internal.TestInvoker.invokeTestMethods(TestInvoker.java:146)
at org.testng.internal.TestMethodWorker.invokeTestMethods(TestMethodWorker.java:146)
at org.testng.internal.TestMethodWorker.run(TestMethodWorker.java:128)
at java.base/java.util.ArrayList.forEach(ArrayList.java:1596)
at org.testng.TestRunner.privateRun(TestRunner.java:766)
at org.testng.TestRunner.run(TestRunner.java:587)
at org.testng.SuiteRunner.runTest(SuiteRunner.java:384)
at org.testng.SuiteRunner.runSequentially(SuiteRunner.java:378)
at org.testng.SuiteRunner.privateRun(SuiteRunner.java:337)
at org.testng.SuiteRunner.run(SuiteRunner.java:286)
at org.testng.SuiteRunnerWorker.runSuite(SuiteRunnerWorker.java:53)
at org.testng.SuiteRunnerWorker.run(SuiteRunnerWorker.java:96)
at org.testng.TestNG.runSuitesSequentially(TestNG.java:1187)
at org.testng.TestNG.runSuitesLocally(TestNG.java:1109)
at org.testng.TestNG.runSuites(TestNG.java:1039)
at org.testng.TestNG.run(TestNG.java:1007)
at com.bgpay.bgai.TestRunner.main(TestRunner.java:32)
]]>
    </failure>
  </testcase> <!-- testRefreshTokenByUserId_Success -->
  <system-out/>
</testsuite> <!-- com.bgpay.bgai.controller.AuthControllerTest -->
